

============================== 2023-04-26 21:17:22.051407 | 9ce626fa-c426-4bbb-a424-6469dacfb07c ==============================
[0m21:17:22.051407 [info ] [MainThread]: Running with dbt=1.4.4
[0m21:17:22.067034 [debug] [MainThread]: running dbt with arguments {'write_json': True, 'use_colors': True, 'printer_width': 80, 'version_check': True, 'partial_parse': True, 'static_parser': True, 'profiles_dir': 'C:\\Users\\Lenovo\\.dbt', 'send_anonymous_usage_stats': True, 'quiet': False, 'no_print': False, 'cache_selected_only': False, 'skip_profile_setup': False, 'which': 'init', 'indirect_selection': 'eager'}
[0m21:17:22.073387 [debug] [MainThread]: Tracking: tracking
[0m21:17:22.104385 [debug] [MainThread]: Sending event: {'category': 'dbt', 'action': 'invocation', 'label': 'start', 'context': [<snowplow_tracker.self_describing_json.SelfDescribingJson object at 0x0000019053323A90>, <snowplow_tracker.self_describing_json.SelfDescribingJson object at 0x0000019053323DF0>, <snowplow_tracker.self_describing_json.SelfDescribingJson object at 0x00000190533239D0>]}
[0m21:18:03.647513 [debug] [MainThread]: Starter project path: C:\Users\Lenovo\anaconda3\envs\dec\lib\site-packages\dbt\include\starter_project
[0m21:20:17.813977 [info ] [MainThread]: Profile premierleague written to C:\Users\Lenovo\.dbt\profiles.yml using target's profile_template.yml and your supplied values. Run 'dbt debug' to validate the connection.
[0m21:20:17.815975 [info ] [MainThread]: 
Your new dbt project "premierleague" was created!

For more information on how to configure the profiles.yml file,
please consult the dbt documentation here:

  https://docs.getdbt.com/docs/configure-your-profile

One more thing:

Need help? Don't hesitate to reach out to us via GitHub issues or on Slack:

  https://community.getdbt.com/

Happy modeling!

[0m21:20:17.825976 [debug] [MainThread]: Sending event: {'category': 'dbt', 'action': 'invocation', 'label': 'end', 'context': [<snowplow_tracker.self_describing_json.SelfDescribingJson object at 0x000001905FCEC850>, <snowplow_tracker.self_describing_json.SelfDescribingJson object at 0x000001905FCEC490>, <snowplow_tracker.self_describing_json.SelfDescribingJson object at 0x000001905334A310>]}
[0m21:20:17.826978 [debug] [MainThread]: Flushing usage events


============================== 2023-04-26 21:29:37.802062 | f8dbe407-3299-41c2-b3d9-b727a110edfa ==============================
[0m21:29:37.802062 [info ] [MainThread]: Running with dbt=1.4.4
[0m21:29:37.811486 [debug] [MainThread]: running dbt with arguments {'write_json': True, 'use_colors': True, 'printer_width': 80, 'version_check': True, 'partial_parse': True, 'static_parser': True, 'profiles_dir': 'C:\\Users\\Lenovo\\.dbt', 'send_anonymous_usage_stats': True, 'quiet': False, 'no_print': False, 'cache_selected_only': False, 'config_dir': False, 'which': 'debug', 'indirect_selection': 'eager'}
[0m21:29:37.812950 [debug] [MainThread]: Tracking: tracking
[0m21:29:37.835953 [debug] [MainThread]: Sending event: {'category': 'dbt', 'action': 'invocation', 'label': 'start', 'context': [<snowplow_tracker.self_describing_json.SelfDescribingJson object at 0x0000021202DD23D0>, <snowplow_tracker.self_describing_json.SelfDescribingJson object at 0x0000021206879340>, <snowplow_tracker.self_describing_json.SelfDescribingJson object at 0x0000021202DD2910>]}
[0m21:29:39.492825 [debug] [MainThread]: Executing "git --help"
[0m21:29:39.601822 [debug] [MainThread]: STDOUT: "b"usage: git [-v | --version] [-h | --help] [-C <path>] [-c <name>=<value>]\n           [--exec-path[=<path>]] [--html-path] [--man-path] [--info-path]\n           [-p | --paginate | -P | --no-pager] [--no-replace-objects] [--bare]\n           [--git-dir=<path>] [--work-tree=<path>] [--namespace=<name>]\n           [--super-prefix=<path>] [--config-env=<name>=<envvar>]\n           <command> [<args>]\n\nThese are common Git commands used in various situations:\n\nstart a working area (see also: git help tutorial)\n   clone     Clone a repository into a new directory\n   init      Create an empty Git repository or reinitialize an existing one\n\nwork on the current change (see also: git help everyday)\n   add       Add file contents to the index\n   mv        Move or rename a file, a directory, or a symlink\n   restore   Restore working tree files\n   rm        Remove files from the working tree and from the index\n\nexamine the history and state (see also: git help revisions)\n   bisect    Use binary search to find the commit that introduced a bug\n   diff      Show changes between commits, commit and working tree, etc\n   grep      Print lines matching a pattern\n   log       Show commit logs\n   show      Show various types of objects\n   status    Show the working tree status\n\ngrow, mark and tweak your common history\n   branch    List, create, or delete branches\n   commit    Record changes to the repository\n   merge     Join two or more development histories together\n   rebase    Reapply commits on top of another base tip\n   reset     Reset current HEAD to the specified state\n   switch    Switch branches\n   tag       Create, list, delete or verify a tag object signed with GPG\n\ncollaborate (see also: git help workflows)\n   fetch     Download objects and refs from another repository\n   pull      Fetch from and integrate with another repository or a local branch\n   push      Update remote refs along with associated objects\n\n'git help -a' and 'git help -g' list available subcommands and some\nconcept guides. See 'git help <command>' or 'git help <concept>'\nto read about a specific subcommand or concept.\nSee 'git help git' for an overview of the system.\n""
[0m21:29:39.603838 [debug] [MainThread]: STDERR: "b''"
[0m21:29:39.609828 [debug] [MainThread]: Sending event: {'category': 'dbt', 'action': 'invocation', 'label': 'end', 'context': [<snowplow_tracker.self_describing_json.SelfDescribingJson object at 0x0000021202DD2AC0>, <snowplow_tracker.self_describing_json.SelfDescribingJson object at 0x000002120F7B8B50>, <snowplow_tracker.self_describing_json.SelfDescribingJson object at 0x000002120F7B8940>]}
[0m21:29:39.611842 [debug] [MainThread]: Flushing usage events


============================== 2023-04-26 21:30:41.942728 | 514c21c9-164b-4198-bc65-867bba7591df ==============================
[0m21:30:41.942728 [info ] [MainThread]: Running with dbt=1.4.4
[0m21:30:41.945730 [debug] [MainThread]: running dbt with arguments {'write_json': True, 'use_colors': True, 'printer_width': 80, 'version_check': True, 'partial_parse': True, 'static_parser': True, 'profiles_dir': 'C:\\Users\\Lenovo\\.dbt', 'send_anonymous_usage_stats': True, 'quiet': False, 'no_print': False, 'cache_selected_only': False, 'config_dir': False, 'which': 'debug', 'indirect_selection': 'eager'}
[0m21:30:41.946730 [debug] [MainThread]: Tracking: tracking
[0m21:30:41.971290 [debug] [MainThread]: Sending event: {'category': 'dbt', 'action': 'invocation', 'label': 'start', 'context': [<snowplow_tracker.self_describing_json.SelfDescribingJson object at 0x000001DF75AD33D0>, <snowplow_tracker.self_describing_json.SelfDescribingJson object at 0x000001DF79589310>, <snowplow_tracker.self_describing_json.SelfDescribingJson object at 0x000001DF75AD30D0>]}
[0m21:30:43.508889 [debug] [MainThread]: Executing "git --help"
[0m21:30:43.583222 [debug] [MainThread]: STDOUT: "b"usage: git [-v | --version] [-h | --help] [-C <path>] [-c <name>=<value>]\n           [--exec-path[=<path>]] [--html-path] [--man-path] [--info-path]\n           [-p | --paginate | -P | --no-pager] [--no-replace-objects] [--bare]\n           [--git-dir=<path>] [--work-tree=<path>] [--namespace=<name>]\n           [--super-prefix=<path>] [--config-env=<name>=<envvar>]\n           <command> [<args>]\n\nThese are common Git commands used in various situations:\n\nstart a working area (see also: git help tutorial)\n   clone     Clone a repository into a new directory\n   init      Create an empty Git repository or reinitialize an existing one\n\nwork on the current change (see also: git help everyday)\n   add       Add file contents to the index\n   mv        Move or rename a file, a directory, or a symlink\n   restore   Restore working tree files\n   rm        Remove files from the working tree and from the index\n\nexamine the history and state (see also: git help revisions)\n   bisect    Use binary search to find the commit that introduced a bug\n   diff      Show changes between commits, commit and working tree, etc\n   grep      Print lines matching a pattern\n   log       Show commit logs\n   show      Show various types of objects\n   status    Show the working tree status\n\ngrow, mark and tweak your common history\n   branch    List, create, or delete branches\n   commit    Record changes to the repository\n   merge     Join two or more development histories together\n   rebase    Reapply commits on top of another base tip\n   reset     Reset current HEAD to the specified state\n   switch    Switch branches\n   tag       Create, list, delete or verify a tag object signed with GPG\n\ncollaborate (see also: git help workflows)\n   fetch     Download objects and refs from another repository\n   pull      Fetch from and integrate with another repository or a local branch\n   push      Update remote refs along with associated objects\n\n'git help -a' and 'git help -g' list available subcommands and some\nconcept guides. See 'git help <command>' or 'git help <concept>'\nto read about a specific subcommand or concept.\nSee 'git help git' for an overview of the system.\n""
[0m21:30:43.586223 [debug] [MainThread]: STDERR: "b''"
[0m21:30:43.589226 [debug] [MainThread]: Sending event: {'category': 'dbt', 'action': 'invocation', 'label': 'end', 'context': [<snowplow_tracker.self_describing_json.SelfDescribingJson object at 0x000001DF75AD31C0>, <snowplow_tracker.self_describing_json.SelfDescribingJson object at 0x000001DF024B9B50>, <snowplow_tracker.self_describing_json.SelfDescribingJson object at 0x000001DF024B9970>]}
[0m21:30:43.591227 [debug] [MainThread]: Flushing usage events


============================== 2023-04-27 10:19:45.984626 | dcf36768-4281-4e05-8f30-77e6d8203f36 ==============================
[0m10:19:45.984626 [info ] [MainThread]: Running with dbt=1.4.4
[0m10:19:45.989626 [debug] [MainThread]: running dbt with arguments {'write_json': True, 'use_colors': True, 'printer_width': 80, 'version_check': True, 'partial_parse': True, 'static_parser': True, 'profiles_dir': 'C:\\Users\\Lenovo\\.dbt', 'send_anonymous_usage_stats': True, 'quiet': False, 'no_print': False, 'cache_selected_only': False, 'config_dir': False, 'which': 'debug', 'indirect_selection': 'eager'}
[0m10:19:45.990626 [debug] [MainThread]: Tracking: tracking
[0m10:19:46.019625 [debug] [MainThread]: Sending event: {'category': 'dbt', 'action': 'invocation', 'label': 'start', 'context': [<snowplow_tracker.self_describing_json.SelfDescribingJson object at 0x0000026EC80E3A90>, <snowplow_tracker.self_describing_json.SelfDescribingJson object at 0x0000026ECBB89310>, <snowplow_tracker.self_describing_json.SelfDescribingJson object at 0x0000026EC80E3460>]}
[0m10:19:49.857147 [debug] [MainThread]: Executing "git --help"
[0m10:19:50.045200 [debug] [MainThread]: STDOUT: "b"usage: git [-v | --version] [-h | --help] [-C <path>] [-c <name>=<value>]\n           [--exec-path[=<path>]] [--html-path] [--man-path] [--info-path]\n           [-p | --paginate | -P | --no-pager] [--no-replace-objects] [--bare]\n           [--git-dir=<path>] [--work-tree=<path>] [--namespace=<name>]\n           [--super-prefix=<path>] [--config-env=<name>=<envvar>]\n           <command> [<args>]\n\nThese are common Git commands used in various situations:\n\nstart a working area (see also: git help tutorial)\n   clone     Clone a repository into a new directory\n   init      Create an empty Git repository or reinitialize an existing one\n\nwork on the current change (see also: git help everyday)\n   add       Add file contents to the index\n   mv        Move or rename a file, a directory, or a symlink\n   restore   Restore working tree files\n   rm        Remove files from the working tree and from the index\n\nexamine the history and state (see also: git help revisions)\n   bisect    Use binary search to find the commit that introduced a bug\n   diff      Show changes between commits, commit and working tree, etc\n   grep      Print lines matching a pattern\n   log       Show commit logs\n   show      Show various types of objects\n   status    Show the working tree status\n\ngrow, mark and tweak your common history\n   branch    List, create, or delete branches\n   commit    Record changes to the repository\n   merge     Join two or more development histories together\n   rebase    Reapply commits on top of another base tip\n   reset     Reset current HEAD to the specified state\n   switch    Switch branches\n   tag       Create, list, delete or verify a tag object signed with GPG\n\ncollaborate (see also: git help workflows)\n   fetch     Download objects and refs from another repository\n   pull      Fetch from and integrate with another repository or a local branch\n   push      Update remote refs along with associated objects\n\n'git help -a' and 'git help -g' list available subcommands and some\nconcept guides. See 'git help <command>' or 'git help <concept>'\nto read about a specific subcommand or concept.\nSee 'git help git' for an overview of the system.\n""
[0m10:19:50.046199 [debug] [MainThread]: STDERR: "b''"
[0m10:19:50.052198 [debug] [MainThread]: Sending event: {'category': 'dbt', 'action': 'invocation', 'label': 'end', 'context': [<snowplow_tracker.self_describing_json.SelfDescribingJson object at 0x0000026EC80E31C0>, <snowplow_tracker.self_describing_json.SelfDescribingJson object at 0x0000026ED4AD4B50>, <snowplow_tracker.self_describing_json.SelfDescribingJson object at 0x0000026ED4AD4910>]}
[0m10:19:50.054203 [debug] [MainThread]: Flushing usage events
